<?xml version="1.0" encoding="UTF-8"?>
<testng-results ignored="0" total="14" passed="13" failed="1" skipped="0">
  <reporter-output>
  </reporter-output>
  <suite started-at="2023-01-11T18:29:29 IST" name="Tutorials Automation Suite" finished-at="2023-01-11T18:33:39 IST" duration-ms="249489">
    <groups>
    </groups>
    <test started-at="2023-01-11T18:29:29 IST" name="Tutorials Tests" finished-at="2023-01-11T18:33:39 IST" duration-ms="249489">
      <class name="com.tutorials.qa.testcases.SearchTest">
        <test-method is-config="true" signature="setup()[pri:0, instance:com.tutorials.qa.testcases.SearchTest@2034b64c]" started-at="2023-01-11T18:33:12 IST" name="setup" finished-at="2023-01-11T18:33:20 IST" duration-ms="8143" status="PASS">
          <reporter-output>
          </reporter-output>
        </test-method> <!-- setup -->
        <test-method signature="verifySearchWithValidProduct()[pri:1, instance:com.tutorials.qa.testcases.SearchTest@2034b64c]" started-at="2023-01-11T18:33:20 IST" name="verifySearchWithValidProduct" finished-at="2023-01-11T18:33:22 IST" duration-ms="1748" status="PASS">
          <reporter-output>
          </reporter-output>
        </test-method> <!-- verifySearchWithValidProduct -->
        <test-method is-config="true" signature="tearDown()[pri:0, instance:com.tutorials.qa.testcases.SearchTest@2034b64c]" started-at="2023-01-11T18:33:22 IST" name="tearDown" finished-at="2023-01-11T18:33:23 IST" duration-ms="821" status="PASS">
          <reporter-output>
          </reporter-output>
        </test-method> <!-- tearDown -->
        <test-method is-config="true" signature="setup()[pri:0, instance:com.tutorials.qa.testcases.SearchTest@2034b64c]" started-at="2023-01-11T18:33:23 IST" name="setup" finished-at="2023-01-11T18:33:29 IST" duration-ms="6121" status="PASS">
          <reporter-output>
          </reporter-output>
        </test-method> <!-- setup -->
        <test-method signature="verifySearchWithInvalidProduct()[pri:2, instance:com.tutorials.qa.testcases.SearchTest@2034b64c]" started-at="2023-01-11T18:33:29 IST" name="verifySearchWithInvalidProduct" finished-at="2023-01-11T18:33:30 IST" duration-ms="1083" status="PASS">
          <reporter-output>
          </reporter-output>
        </test-method> <!-- verifySearchWithInvalidProduct -->
        <test-method is-config="true" signature="tearDown()[pri:0, instance:com.tutorials.qa.testcases.SearchTest@2034b64c]" started-at="2023-01-11T18:33:30 IST" name="tearDown" finished-at="2023-01-11T18:33:31 IST" duration-ms="573" status="PASS">
          <reporter-output>
          </reporter-output>
        </test-method> <!-- tearDown -->
        <test-method is-config="true" signature="setup()[pri:0, instance:com.tutorials.qa.testcases.SearchTest@2034b64c]" started-at="2023-01-11T18:33:31 IST" name="setup" finished-at="2023-01-11T18:33:37 IST" duration-ms="6605" status="PASS">
          <reporter-output>
          </reporter-output>
        </test-method> <!-- setup -->
        <test-method signature="verifySearchWithoutAnyProduct()[pri:3, instance:com.tutorials.qa.testcases.SearchTest@2034b64c]" started-at="2023-01-11T18:33:37 IST" name="verifySearchWithoutAnyProduct" finished-at="2023-01-11T18:33:38 IST" depends-on-methods="com.tutorials.qa.testcases.SearchTest.verifySearchWithValidProduct, com.tutorials.qa.testcases.SearchTest.verifySearchWithInvalidProduct" duration-ms="858" status="PASS">
          <reporter-output>
          </reporter-output>
        </test-method> <!-- verifySearchWithoutAnyProduct -->
        <test-method is-config="true" signature="tearDown()[pri:0, instance:com.tutorials.qa.testcases.SearchTest@2034b64c]" started-at="2023-01-11T18:33:38 IST" name="tearDown" finished-at="2023-01-11T18:33:39 IST" duration-ms="589" status="PASS">
          <reporter-output>
          </reporter-output>
        </test-method> <!-- tearDown -->
      </class> <!-- com.tutorials.qa.testcases.SearchTest -->
      <class name="com.tutorials.qa.testcases.RegisterTest">
        <test-method is-config="true" signature="setup()[pri:0, instance:com.tutorials.qa.testcases.RegisterTest@1a6d8329]" started-at="2023-01-11T18:29:31 IST" name="setup" finished-at="2023-01-11T18:30:33 IST" duration-ms="62622" status="PASS">
          <reporter-output>
          </reporter-output>
        </test-method> <!-- setup -->
        <test-method signature="verifyRegisteringAnAccountWithMandatoryFields()[pri:1, instance:com.tutorials.qa.testcases.RegisterTest@1a6d8329]" started-at="2023-01-11T18:30:33 IST" name="verifyRegisteringAnAccountWithMandatoryFields" finished-at="2023-01-11T18:30:37 IST" duration-ms="3317" status="PASS">
          <reporter-output>
          </reporter-output>
        </test-method> <!-- verifyRegisteringAnAccountWithMandatoryFields -->
        <test-method is-config="true" signature="tearDown()[pri:0, instance:com.tutorials.qa.testcases.RegisterTest@1a6d8329]" started-at="2023-01-11T18:30:37 IST" name="tearDown" finished-at="2023-01-11T18:30:38 IST" duration-ms="1155" status="PASS">
          <reporter-output>
          </reporter-output>
        </test-method> <!-- tearDown -->
        <test-method is-config="true" signature="setup()[pri:0, instance:com.tutorials.qa.testcases.RegisterTest@1a6d8329]" started-at="2023-01-11T18:30:38 IST" name="setup" finished-at="2023-01-11T18:30:49 IST" duration-ms="11349" status="PASS">
          <reporter-output>
          </reporter-output>
        </test-method> <!-- setup -->
        <test-method signature="verifyRegisteringAccountByProvidingAllFields()[pri:2, instance:com.tutorials.qa.testcases.RegisterTest@1a6d8329]" started-at="2023-01-11T18:30:49 IST" name="verifyRegisteringAccountByProvidingAllFields" finished-at="2023-01-11T18:30:52 IST" duration-ms="2669" status="PASS">
          <reporter-output>
          </reporter-output>
        </test-method> <!-- verifyRegisteringAccountByProvidingAllFields -->
        <test-method is-config="true" signature="tearDown()[pri:0, instance:com.tutorials.qa.testcases.RegisterTest@1a6d8329]" started-at="2023-01-11T18:30:52 IST" name="tearDown" finished-at="2023-01-11T18:30:52 IST" duration-ms="410" status="PASS">
          <reporter-output>
          </reporter-output>
        </test-method> <!-- tearDown -->
        <test-method is-config="true" signature="setup()[pri:0, instance:com.tutorials.qa.testcases.RegisterTest@1a6d8329]" started-at="2023-01-11T18:30:52 IST" name="setup" finished-at="2023-01-11T18:31:09 IST" duration-ms="17042" status="PASS">
          <reporter-output>
          </reporter-output>
        </test-method> <!-- setup -->
        <test-method signature="verifyRegisteringAccountWithExistingEmailAddress()[pri:3, instance:com.tutorials.qa.testcases.RegisterTest@1a6d8329]" started-at="2023-01-11T18:31:09 IST" name="verifyRegisteringAccountWithExistingEmailAddress" finished-at="2023-01-11T18:31:12 IST" duration-ms="2761" status="PASS">
          <reporter-output>
          </reporter-output>
        </test-method> <!-- verifyRegisteringAccountWithExistingEmailAddress -->
        <test-method is-config="true" signature="tearDown()[pri:0, instance:com.tutorials.qa.testcases.RegisterTest@1a6d8329]" started-at="2023-01-11T18:31:12 IST" name="tearDown" finished-at="2023-01-11T18:31:13 IST" duration-ms="631" status="PASS">
          <reporter-output>
          </reporter-output>
        </test-method> <!-- tearDown -->
        <test-method is-config="true" signature="setup()[pri:0, instance:com.tutorials.qa.testcases.RegisterTest@1a6d8329]" started-at="2023-01-11T18:31:13 IST" name="setup" finished-at="2023-01-11T18:31:24 IST" duration-ms="11378" status="PASS">
          <reporter-output>
          </reporter-output>
        </test-method> <!-- setup -->
        <test-method signature="verifyRegisteringAccountWithoutFillingAnyDetails()[pri:4, instance:com.tutorials.qa.testcases.RegisterTest@1a6d8329]" started-at="2023-01-11T18:31:24 IST" name="verifyRegisteringAccountWithoutFillingAnyDetails" finished-at="2023-01-11T18:31:25 IST" duration-ms="1109" status="PASS">
          <reporter-output>
          </reporter-output>
        </test-method> <!-- verifyRegisteringAccountWithoutFillingAnyDetails -->
        <test-method is-config="true" signature="tearDown()[pri:0, instance:com.tutorials.qa.testcases.RegisterTest@1a6d8329]" started-at="2023-01-11T18:31:25 IST" name="tearDown" finished-at="2023-01-11T18:31:26 IST" duration-ms="573" status="PASS">
          <reporter-output>
          </reporter-output>
        </test-method> <!-- tearDown -->
      </class> <!-- com.tutorials.qa.testcases.RegisterTest -->
      <class name="com.tutorials.qa.testcases.LoginTest">
        <test-method is-config="true" signature="setup()[pri:0, instance:com.tutorials.qa.testcases.LoginTest@235ecd9f]" started-at="2023-01-11T18:31:33 IST" name="setup" finished-at="2023-01-11T18:31:44 IST" duration-ms="11019" status="PASS">
          <reporter-output>
          </reporter-output>
        </test-method> <!-- setup -->
        <test-method signature="verifyLoginWithValidCredentials(java.lang.String,java.lang.String)[pri:1, instance:com.tutorials.qa.testcases.LoginTest@235ecd9f]" started-at="2023-01-11T18:31:44 IST" name="verifyLoginWithValidCredentials" data-provider="validCredentialsSupplier" finished-at="2023-01-11T18:31:45 IST" duration-ms="1494" status="PASS">
          <params>
            <param index="0">
              <value>
                <![CDATA[amotooricap9@gmail.com]]>
              </value>
            </param>
            <param index="1">
              <value>
                <![CDATA[12345]]>
              </value>
            </param>
          </params>
          <reporter-output>
          </reporter-output>
        </test-method> <!-- verifyLoginWithValidCredentials -->
        <test-method is-config="true" signature="tearDown()[pri:0, instance:com.tutorials.qa.testcases.LoginTest@235ecd9f]" started-at="2023-01-11T18:31:45 IST" name="tearDown" finished-at="2023-01-11T18:31:46 IST" duration-ms="478" status="PASS">
          <reporter-output>
          </reporter-output>
        </test-method> <!-- tearDown -->
        <test-method is-config="true" signature="setup()[pri:0, instance:com.tutorials.qa.testcases.LoginTest@235ecd9f]" started-at="2023-01-11T18:31:46 IST" name="setup" finished-at="2023-01-11T18:31:55 IST" duration-ms="8837" status="PASS">
          <reporter-output>
          </reporter-output>
        </test-method> <!-- setup -->
        <test-method signature="verifyLoginWithValidCredentials(java.lang.String,java.lang.String)[pri:1, instance:com.tutorials.qa.testcases.LoginTest@235ecd9f]" started-at="2023-01-11T18:31:55 IST" name="verifyLoginWithValidCredentials" data-provider="validCredentialsSupplier" finished-at="2023-01-11T18:31:56 IST" duration-ms="1434" status="PASS">
          <params>
            <param index="0">
              <value>
                <![CDATA[amotooricap1@gmail.com]]>
              </value>
            </param>
            <param index="1">
              <value>
                <![CDATA[12345]]>
              </value>
            </param>
          </params>
          <reporter-output>
          </reporter-output>
        </test-method> <!-- verifyLoginWithValidCredentials -->
        <test-method is-config="true" signature="tearDown()[pri:0, instance:com.tutorials.qa.testcases.LoginTest@235ecd9f]" started-at="2023-01-11T18:31:56 IST" name="tearDown" finished-at="2023-01-11T18:31:57 IST" duration-ms="574" status="PASS">
          <reporter-output>
          </reporter-output>
        </test-method> <!-- tearDown -->
        <test-method is-config="true" signature="setup()[pri:0, instance:com.tutorials.qa.testcases.LoginTest@235ecd9f]" started-at="2023-01-11T18:31:57 IST" name="setup" finished-at="2023-01-11T18:32:06 IST" duration-ms="8743" status="PASS">
          <reporter-output>
          </reporter-output>
        </test-method> <!-- setup -->
        <test-method signature="verifyLoginWithValidCredentials(java.lang.String,java.lang.String)[pri:1, instance:com.tutorials.qa.testcases.LoginTest@235ecd9f]" started-at="2023-01-11T18:32:06 IST" name="verifyLoginWithValidCredentials" data-provider="validCredentialsSupplier" finished-at="2023-01-11T18:32:27 IST" duration-ms="21436" status="FAIL">
          <params>
            <param index="0">
              <value>
                <![CDATA[amotooricap3@gmail.com]]>
              </value>
            </param>
            <param index="1">
              <value>
                <![CDATA[12345]]>
              </value>
            </param>
          </params>
          <exception class="org.openqa.selenium.NoSuchElementException">
            <message>
              <![CDATA[no such element: Unable to locate element: {"method":"link text","selector":"Edit your account information"}
  (Session info: chrome=108.0.5359.125)
For documentation on this error, please visit: https://selenium.dev/exceptions/#no_such_element
Build info: version: '4.6.0', revision: '79f1c02ae20'
System info: os.name: 'Windows 10', os.arch: 'amd64', os.version: '10.0', java.version: '18.0.1'
Driver info: org.openqa.selenium.chrome.ChromeDriver
Command: [7d93cedc3ad4843e89525e10cf227fa6, findElement {using=link text, value=Edit your account information}]
Capabilities {acceptInsecureCerts: false, browserName: chrome, browserVersion: 108.0.5359.125, chrome: {chromedriverVersion: 108.0.5359.71 (1e0e3868ee06..., userDataDir: C:\Users\Ubada\AppData\Loca...}, goog:chromeOptions: {debuggerAddress: localhost:49292}, networkConnectionEnabled: false, pageLoadStrategy: normal, platformName: WINDOWS, proxy: Proxy(), se:cdp: ws://localhost:49292/devtoo..., se:cdpVersion: 108.0.5359.125, setWindowRect: true, strictFileInteractability: false, timeouts: {implicit: 0, pageLoad: 300000, script: 30000}, unhandledPromptBehavior: dismiss and notify, webauthn:extension:credBlob: true, webauthn:extension:largeBlob: true, webauthn:virtualAuthenticators: true}
Session ID: 7d93cedc3ad4843e89525e10cf227fa6]]>
            </message>
            <full-stacktrace>
              <![CDATA[org.openqa.selenium.NoSuchElementException: no such element: Unable to locate element: {"method":"link text","selector":"Edit your account information"}
  (Session info: chrome=108.0.5359.125)
For documentation on this error, please visit: https://selenium.dev/exceptions/#no_such_element
Build info: version: '4.6.0', revision: '79f1c02ae20'
System info: os.name: 'Windows 10', os.arch: 'amd64', os.version: '10.0', java.version: '18.0.1'
Driver info: org.openqa.selenium.chrome.ChromeDriver
Command: [7d93cedc3ad4843e89525e10cf227fa6, findElement {using=link text, value=Edit your account information}]
Capabilities {acceptInsecureCerts: false, browserName: chrome, browserVersion: 108.0.5359.125, chrome: {chromedriverVersion: 108.0.5359.71 (1e0e3868ee06..., userDataDir: C:\Users\Ubada\AppData\Loca...}, goog:chromeOptions: {debuggerAddress: localhost:49292}, networkConnectionEnabled: false, pageLoadStrategy: normal, platformName: WINDOWS, proxy: Proxy(), se:cdp: ws://localhost:49292/devtoo..., se:cdpVersion: 108.0.5359.125, setWindowRect: true, strictFileInteractability: false, timeouts: {implicit: 0, pageLoad: 300000, script: 30000}, unhandledPromptBehavior: dismiss and notify, webauthn:extension:credBlob: true, webauthn:extension:largeBlob: true, webauthn:virtualAuthenticators: true}
Session ID: 7d93cedc3ad4843e89525e10cf227fa6
at java.base/jdk.internal.reflect.DirectConstructorHandleAccessor.newInstance(DirectConstructorHandleAccessor.java:67)
at java.base/java.lang.reflect.Constructor.newInstanceWithCaller(Constructor.java:499)
at java.base/java.lang.reflect.Constructor.newInstance(Constructor.java:483)
at org.openqa.selenium.remote.codec.w3c.W3CHttpResponseCodec.createException(W3CHttpResponseCodec.java:200)
at org.openqa.selenium.remote.codec.w3c.W3CHttpResponseCodec.decode(W3CHttpResponseCodec.java:133)
at org.openqa.selenium.remote.codec.w3c.W3CHttpResponseCodec.decode(W3CHttpResponseCodec.java:53)
at org.openqa.selenium.remote.HttpCommandExecutor.execute(HttpCommandExecutor.java:184)
at org.openqa.selenium.remote.service.DriverCommandExecutor.invokeExecute(DriverCommandExecutor.java:167)
at org.openqa.selenium.remote.service.DriverCommandExecutor.execute(DriverCommandExecutor.java:142)
at org.openqa.selenium.remote.RemoteWebDriver.execute(RemoteWebDriver.java:541)
at org.openqa.selenium.remote.ElementLocation$ElementFinder$2.findElement(ElementLocation.java:162)
at org.openqa.selenium.remote.ElementLocation.findElement(ElementLocation.java:60)
at org.openqa.selenium.remote.RemoteWebDriver.findElement(RemoteWebDriver.java:365)
at org.openqa.selenium.remote.RemoteWebDriver.findElement(RemoteWebDriver.java:357)
at org.openqa.selenium.support.pagefactory.DefaultElementLocator.findElement(DefaultElementLocator.java:70)
at org.openqa.selenium.support.pagefactory.internal.LocatingElementHandler.invoke(LocatingElementHandler.java:39)
at jdk.proxy2/jdk.proxy2.$Proxy18.isDisplayed(Unknown Source)
at com.tutorials.qa.pages.AccountPage.getDisplayStatusOfEditYourAccountInformationOption(AccountPage.java:24)
at com.tutorials.qa.testcases.LoginTest.verifyLoginWithValidCredentials(LoginTest.java:46)
at java.base/jdk.internal.reflect.DirectMethodHandleAccessor.invoke(DirectMethodHandleAccessor.java:104)
at java.base/java.lang.reflect.Method.invoke(Method.java:577)
at org.testng.internal.invokers.MethodInvocationHelper.invokeMethod(MethodInvocationHelper.java:139)
at org.testng.internal.invokers.TestInvoker.invokeMethod(TestInvoker.java:677)
at org.testng.internal.invokers.TestInvoker.invokeTestMethod(TestInvoker.java:221)
at org.testng.internal.invokers.MethodRunner.runInSequence(MethodRunner.java:50)
at org.testng.internal.invokers.TestInvoker$MethodInvocationAgent.invoke(TestInvoker.java:962)
at org.testng.internal.invokers.TestInvoker.invokeTestMethods(TestInvoker.java:194)
at org.testng.internal.invokers.TestMethodWorker.invokeTestMethods(TestMethodWorker.java:148)
at org.testng.internal.invokers.TestMethodWorker.run(TestMethodWorker.java:128)
at java.base/java.util.ArrayList.forEach(ArrayList.java:1511)
at org.testng.TestRunner.privateRun(TestRunner.java:806)
at org.testng.TestRunner.run(TestRunner.java:601)
at org.testng.SuiteRunner.runTest(SuiteRunner.java:433)
at org.testng.SuiteRunner.runSequentially(SuiteRunner.java:427)
at org.testng.SuiteRunner.privateRun(SuiteRunner.java:387)
at org.testng.SuiteRunner.run(SuiteRunner.java:330)
at org.testng.SuiteRunnerWorker.runSuite(SuiteRunnerWorker.java:52)
at org.testng.SuiteRunnerWorker.run(SuiteRunnerWorker.java:95)
at org.testng.TestNG.runSuitesSequentially(TestNG.java:1256)
at org.testng.TestNG.runSuitesLocally(TestNG.java:1176)
at org.testng.TestNG.runSuites(TestNG.java:1099)
at org.testng.TestNG.run(TestNG.java:1067)
at org.testng.remote.AbstractRemoteTestNG.run(AbstractRemoteTestNG.java:115)
at org.testng.remote.RemoteTestNG.initAndRun(RemoteTestNG.java:251)
at org.testng.remote.RemoteTestNG.main(RemoteTestNG.java:77)
]]>
            </full-stacktrace>
          </exception> <!-- org.openqa.selenium.NoSuchElementException -->
          <reporter-output>
          </reporter-output>
        </test-method> <!-- verifyLoginWithValidCredentials -->
        <test-method is-config="true" signature="tearDown()[pri:0, instance:com.tutorials.qa.testcases.LoginTest@235ecd9f]" started-at="2023-01-11T18:32:27 IST" name="tearDown" finished-at="2023-01-11T18:32:28 IST" duration-ms="541" status="PASS">
          <reporter-output>
          </reporter-output>
        </test-method> <!-- tearDown -->
        <test-method is-config="true" signature="setup()[pri:0, instance:com.tutorials.qa.testcases.LoginTest@235ecd9f]" started-at="2023-01-11T18:32:28 IST" name="setup" finished-at="2023-01-11T18:32:36 IST" duration-ms="7880" status="PASS">
          <reporter-output>
          </reporter-output>
        </test-method> <!-- setup -->
        <test-method signature="verifyLoginWithInvalidCredentials()[pri:2, instance:com.tutorials.qa.testcases.LoginTest@235ecd9f]" started-at="2023-01-11T18:32:36 IST" name="verifyLoginWithInvalidCredentials" finished-at="2023-01-11T18:32:38 IST" duration-ms="1872" status="PASS">
          <reporter-output>
          </reporter-output>
        </test-method> <!-- verifyLoginWithInvalidCredentials -->
        <test-method is-config="true" signature="tearDown()[pri:0, instance:com.tutorials.qa.testcases.LoginTest@235ecd9f]" started-at="2023-01-11T18:32:38 IST" name="tearDown" finished-at="2023-01-11T18:32:38 IST" duration-ms="679" status="PASS">
          <reporter-output>
          </reporter-output>
        </test-method> <!-- tearDown -->
        <test-method is-config="true" signature="setup()[pri:0, instance:com.tutorials.qa.testcases.LoginTest@235ecd9f]" started-at="2023-01-11T18:32:38 IST" name="setup" finished-at="2023-01-11T18:32:46 IST" duration-ms="7324" status="PASS">
          <reporter-output>
          </reporter-output>
        </test-method> <!-- setup -->
        <test-method signature="verifyLoginWithInvalidEmailAndValidPassword()[pri:3, instance:com.tutorials.qa.testcases.LoginTest@235ecd9f]" started-at="2023-01-11T18:32:46 IST" name="verifyLoginWithInvalidEmailAndValidPassword" finished-at="2023-01-11T18:32:47 IST" duration-ms="1366" status="PASS">
          <reporter-output>
          </reporter-output>
        </test-method> <!-- verifyLoginWithInvalidEmailAndValidPassword -->
        <test-method is-config="true" signature="tearDown()[pri:0, instance:com.tutorials.qa.testcases.LoginTest@235ecd9f]" started-at="2023-01-11T18:32:47 IST" name="tearDown" finished-at="2023-01-11T18:32:49 IST" duration-ms="1658" status="PASS">
          <reporter-output>
          </reporter-output>
        </test-method> <!-- tearDown -->
        <test-method is-config="true" signature="setup()[pri:0, instance:com.tutorials.qa.testcases.LoginTest@235ecd9f]" started-at="2023-01-11T18:32:49 IST" name="setup" finished-at="2023-01-11T18:32:59 IST" duration-ms="10140" status="PASS">
          <reporter-output>
          </reporter-output>
        </test-method> <!-- setup -->
        <test-method signature="verifyLoginWithValidEmailAndInvalidPassword()[pri:4, instance:com.tutorials.qa.testcases.LoginTest@235ecd9f]" started-at="2023-01-11T18:32:59 IST" name="verifyLoginWithValidEmailAndInvalidPassword" finished-at="2023-01-11T18:33:01 IST" duration-ms="2149" status="PASS">
          <reporter-output>
          </reporter-output>
        </test-method> <!-- verifyLoginWithValidEmailAndInvalidPassword -->
        <test-method is-config="true" signature="tearDown()[pri:0, instance:com.tutorials.qa.testcases.LoginTest@235ecd9f]" started-at="2023-01-11T18:33:01 IST" name="tearDown" finished-at="2023-01-11T18:33:01 IST" duration-ms="625" status="PASS">
          <reporter-output>
          </reporter-output>
        </test-method> <!-- tearDown -->
        <test-method is-config="true" signature="setup()[pri:0, instance:com.tutorials.qa.testcases.LoginTest@235ecd9f]" started-at="2023-01-11T18:33:01 IST" name="setup" finished-at="2023-01-11T18:33:10 IST" duration-ms="8596" status="PASS">
          <reporter-output>
          </reporter-output>
        </test-method> <!-- setup -->
        <test-method signature="verifyLoginWithoutProvidingCredentials()[pri:5, instance:com.tutorials.qa.testcases.LoginTest@235ecd9f]" started-at="2023-01-11T18:33:10 IST" name="verifyLoginWithoutProvidingCredentials" finished-at="2023-01-11T18:33:11 IST" duration-ms="1342" status="PASS">
          <reporter-output>
          </reporter-output>
        </test-method> <!-- verifyLoginWithoutProvidingCredentials -->
        <test-method is-config="true" signature="tearDown()[pri:0, instance:com.tutorials.qa.testcases.LoginTest@235ecd9f]" started-at="2023-01-11T18:33:11 IST" name="tearDown" finished-at="2023-01-11T18:33:12 IST" duration-ms="801" status="PASS">
          <reporter-output>
          </reporter-output>
        </test-method> <!-- tearDown -->
      </class> <!-- com.tutorials.qa.testcases.LoginTest -->
    </test> <!-- Tutorials Tests -->
  </suite> <!-- Tutorials Automation Suite -->
</testng-results>
