<?xml version="1.0" encoding="UTF-8"?>
<!-- Generated by org.testng.reporters.JUnitXMLReporter -->
<testsuite ignored="0" hostname="DESKTOP-25SF6VP" failures="0" tests="4" name="Default test" time="61.349" errors="0" timestamp="2023-01-11T15:27:25 IST">
  <testcase classname="com.tutorials.qa.testcases.RegisterTest" name="verifyRegisteringAnAccountWithMandatoryFields" time="2.558"/>
  <testcase classname="com.tutorials.qa.testcases.RegisterTest" name="verifyRegisteringAccountByProvidingAllFields" time="2.073"/>
  <testcase classname="com.tutorials.qa.testcases.RegisterTest" name="verifyRegisteringAccountWithExistingEmailAddress" time="2.031"/>
  <testcase classname="com.tutorials.qa.testcases.RegisterTest" name="verifyRegisteringAccountWithoutFillingAnyDetails" time="0.954"/>
</testsuite> <!-- Default test -->
